<?xml version="1.0" encoding="UTF-8"?>
<!-- Generated by org.testng.reporters.JUnitReportReporter -->
<testsuite skipped="0" hostname="NUSVMXDM41335" name="runners.OpenCartrunner" tests="3" failures="0" timestamp="2022-03-10T18:01:48 IST" time="10.509" errors="0">
  <testcase name="runScenario" time="9.051" classname="runners.OpenCartrunner"/>
  <system-out/>
  <testcase name="runScenario" time="0.960" classname="runners.OpenCartrunner"/>
  <system-out/>
  <testcase name="runScenario" time="0.498" classname="runners.OpenCartrunner"/>
  <system-out/>
</testsuite> <!-- runners.OpenCartrunner -->
